VERBOSE:pywiki:Found 1 wikipedia:en processes running, including this one.
WARNING:root:ISSUE DETECTED: Frank Verducci is not about a football coach and there is no disambiguation page
WARNING:root:ISSUE DETECTED: Dave Nichol is not about a football coach and there is no disambiguation page
WARNING:root:ISSUE DETECTED: Rick Smith is a football page but no mention of coach
WARNING:root:ISSUE DETECTED: Rick Smith could not be found in disambiguation page
WARNING:root:ISSUE DETECTED: Todd Orlando is valid page but no information extracted
WARNING:root:ISSUE DETECTED: Brad Cornelsen is valid page but no information extracted
WARNING:root:ISSUE DETECTED: Galen Scott is not about a football coach and there is no disambiguation page
WARNING:root:ISSUE DETECTED: Van Malone is valid page but no information extracted
WARNING:root:ISSUE DETECTED: Tom Allen is not about a football coach and there is no disambiguation page
WARNING:root:ISSUE DETECTED: Curtis Johnson is a football page but no mention of coach
WARNING:root:ISSUE DETECTED: Eric Price is not about a football coach and there is no disambiguation page
WARNING:root:ISSUE DETECTED: Jason Rollins is not about a football coach and there is no disambiguation page
WARNING:root:ISSUE DETECTED: Brian Norwood is valid page but no information extracted
WARNING:root:ISSUE DETECTED: Bill Young is not about a football coach and there is no disambiguation page
WARNING:root:ISSUE DETECTED: Todd Fitch is valid page but no information extracted
WARNING:root:ISSUE DETECTED: Tony Elliott is a football page but no mention of coach
WARNING:root:ISSUE DETECTED: Tony Elliott could not be found in disambiguation page
WARNING:root:ISSUE DETECTED: Jeff Scott is not about a football coach and there is no disambiguation page
WARNING:root:ISSUE DETECTED: Scottie Montgomery is valid page but no information extracted
WARNING:root:ISSUE DETECTED: Lawrence Dawsey is valid page but no information extracted
WARNING:root:ISSUE DETECTED: Seth Littrell is valid page but no information extracted
WARNING:root:ISSUE DETECTED: Josh Conklin is valid page but no information extracted
WARNING:root:ISSUE DETECTED: Tim Lester is valid page but no information extracted
WARNING:root:ISSUE DETECTED: Chuck Bullough is valid page but no information extracted
WARNING:root:ISSUE DETECTED: Warren Ruggiero is valid page but no information extracted
WARNING:root:ISSUE DETECTED: Mike Elko is valid page but no information extracted
WARNING:root:ISSUE DETECTED: Phil Bennett is not about a football coach and there is no disambiguation page
WARNING:root:ISSUE DETECTED: Wally Burnham is valid page but no information extracted
WARNING:root:ISSUE DETECTED: David Beaty is valid page but no information extracted
WARNING:root:ISSUE DETECTED: Tom Hayes is a football page but no mention of coach
WARNING:root:ISSUE DETECTED: Tom Hayes could not be found in disambiguation page
WARNING:root:ISSUE DETECTED: Mike Yurcich is valid page but no information extracted
WARNING:root:ISSUE DETECTED: Glenn Spencer is not about a football coach and there is no disambiguation page
WARNING:root:ISSUE DETECTED: Mike Smith is valid page but no information extracted
WARNING:root:ISSUE DETECTED: Tony Gibson could not be found in disambiguation page
WARNING:root:ISSUE DETECTED: Tim Banks is valid page but no information extracted
WARNING:root:ISSUE DETECTED: Mike Phair is valid page but no information extracted
WARNING:root:ISSUE DETECTED: Keith Dudzinski is valid page but no information extracted
WARNING:root:ISSUE DETECTED: Jim Harbaugh is valid page but no information extracted
WARNING:root:ISSUE DETECTED: Matt Limegrover is valid page but no information extracted
WARNING:root:ISSUE DETECTED: Hank Hughes is not about a football coach and there is no disambiguation page
WARNING:root:ISSUE DETECTED: Mick McCall is valid page but no information extracted
WARNING:root:ISSUE DETECTED: Tim Beck could not be found in disambiguation page
WARNING:root:ISSUE DETECTED: Ed Warriner is valid page but no information extracted
WARNING:root:ISSUE DETECTED: John Donovan is not about a football coach and there is no disambiguation page
WARNING:root:ISSUE DETECTED: Brent Pry is valid page but no information extracted
VERBOSE:pywiki:Found 1 wikipedia:en processes running, including this one.
WARNING:root:ISSUE DETECTED: Brian Wright could not be found in disambiguation page
WARNING:root:ISSUE DETECTED: Roc Bellantoni is valid page but no information extracted
WARNING:root:ISSUE DETECTED: Steve Shankweiler is valid page but no information extracted
WARNING:root:ISSUE DETECTED: Matt House is not about a football coach and there is no disambiguation page
WARNING:root:ISSUE DETECTED: Blake Baker is not about a football coach and there is no disambiguation page
WARNING:root:ISSUE DETECTED: Doc Holliday is not about a football coach and there is no disambiguation page
WARNING:root:ISSUE DETECTED: Steve Ellis could not be found in disambiguation page
WARNING:root:ISSUE DETECTED: Brian Scott is not about a football coach and there is no disambiguation page
WARNING:root:ISSUE DETECTED: Larry Edmondson is not about a football coach and there is no disambiguation page
WARNING:root:ISSUE DETECTED: Chip Lindsey is valid page but no information extracted
WARNING:root:ISSUE DETECTED: Kevin Brown could not be found in disambiguation page
WARNING:root:ISSUE DETECTED: Tyson Helton is valid page but no information extracted
WARNING:root:ISSUE DETECTED: Buddy Green is a football page but no mention of coach
WARNING:root:ISSUE DETECTED: Buddy Green could not be found in disambiguation page
WARNING:root:ISSUE DETECTED: Mike Sanford Jr. is valid page but no information extracted
WARNING:root:ISSUE DETECTED: Kevin Kelly is valid page but no information extracted
WARNING:root:ISSUE DETECTED: Andy Kotelnicki is valid page but no information extracted
WARNING:root:ISSUE DETECTED: John Bonamego is valid page but no information extracted
WARNING:root:ISSUE DETECTED: Brad McCaslin is valid page but no information extracted
WARNING:root:ISSUE DETECTED: Brian George is not about a football coach and there is no disambiguation page
WARNING:root:ISSUE DETECTED: George Barnett is not about a football coach and there is no disambiguation page
WARNING:root:ISSUE DETECTED: Matt Pawlowski is valid page but no information extracted
WARNING:root:ISSUE DETECTED: Bob Cole could not be found in disambiguation page
WARNING:root:ISSUE DETECTED: Jay Niemann is valid page but no information extracted
WARNING:root:ISSUE DETECTED: Tim Albin is valid page but no information extracted
WARNING:root:ISSUE DETECTED: Jimmy Burrow is valid page but no information extracted
WARNING:root:ISSUE DETECTED: Louis Ayeni is valid page but no information extracted
WARNING:root:ISSUE DETECTED: Kirk Ciarocca is valid page but no information extracted
WARNING:root:ISSUE DETECTED: Ed Pinkham is not about a football coach and there is no disambiguation page
WARNING:root:ISSUE DETECTED: Clay Hendrix is valid page but no information extracted
WARNING:root:ISSUE DETECTED: Steve Russ is valid page but no information extracted
WARNING:root:ISSUE DETECTED: Marcel Yates is valid page but no information extracted
WARNING:root:ISSUE DETECTED: Will Friend is not about a football coach and there is no disambiguation page
WARNING:root:ISSUE DETECTED: Nick Toth is not about a football coach and there is no disambiguation page
WARNING:root:ISSUE DETECTED: Don Bailey could not be found in disambiguation page
WARNING:root:ISSUE DETECTED: Tom Mason is not about a football coach and there is no disambiguation page
WARNING:root:ISSUE DETECTED: Kevin Cosgrove is not about a football coach and there is no disambiguation page
WARNING:root:ISSUE DETECTED: Tony Sanchez is not about a football coach and there is no disambiguation page
WARNING:root:ISSUE DETECTED: Luke Wells is not about a football coach and there is no disambiguation page
WARNING:root:ISSUE DETECTED: Brent Vigen is valid page but no information extracted
WARNING:root:ISSUE DETECTED: Chris Ball is not about a football coach and there is no disambiguation page
WARNING:root:ISSUE DETECTED: Brian Lindgren is not about a football coach and there is no disambiguation page
WARNING:root:ISSUE DETECTED: Lance Anderson is a football page but no mention of coach
WARNING:root:ISSUE DETECTED: Lance Anderson could not be found in disambiguation page
WARNING:root:ISSUE DETECTED: Justin Wilcox is valid page but no information extracted
WARNING:root:ISSUE DETECTED: Jim Harding is not about a football coach and there is no disambiguation page
WARNING:root:ISSUE DETECTED: John Pease is valid page but no information extracted
VERBOSE:pywiki:Found 1 wikipedia:en processes running, including this one.
WARNING:root:ISSUE DETECTED: Alex Grinch is valid page but no information extracted
WARNING:root:ISSUE DETECTED: Geoff Collins is not about a football coach and there is no disambiguation page
WARNING:root:ISSUE DETECTED: Brian Schottenheimer is valid page but no information extracted
WARNING:root:ISSUE DETECTED: Shannon Dawson is valid page but no information extracted
WARNING:root:ISSUE DETECTED: D.J. Eliot is valid page but no information extracted
WARNING:root:ISSUE DETECTED: Matt Luke is not about a football coach and there is no disambiguation page
WARNING:root:ISSUE DETECTED: Jason Jones could not be found in disambiguation page
WARNING:root:ISSUE DETECTED: Billy Gonzales is valid page but no information extracted
WARNING:root:ISSUE DETECTED: Josh Henson is not about a football coach and there is no disambiguation page
WARNING:root:ISSUE DETECTED: Barry Odom is valid page but no information extracted
WARNING:root:ISSUE DETECTED: Clarence McKinney is valid page but no information extracted
WARNING:root:ISSUE DETECTED: John Chavis is valid page but no information extracted
WARNING:root:ISSUE DETECTED: Jon Hoke is valid page but no information extracted
WARNING:root:ISSUE DETECTED: Lorenzo Ward is valid page but no information extracted
WARNING:root:ISSUE DETECTED: Frank Ponce is valid page but no information extracted
WARNING:root:ISSUE DETECTED: Blake Anderson is valid page but no information extracted
WARNING:root:ISSUE DETECTED: Walt Bell is valid page but no information extracted
WARNING:root:ISSUE DETECTED: Joe Cauthen is valid page but no information extracted
WARNING:root:ISSUE DETECTED: Jack Curtis could not be found in disambiguation page
WARNING:root:ISSUE DETECTED: Jay Johnson could not be found in disambiguation page
WARNING:root:ISSUE DETECTED: Melvin Smith could not be found in disambiguation page
WARNING:root:ISSUE DETECTED: Steve Farmer could not be found in disambiguation page
WARNING:root:ISSUE DETECTED: Travis Niekamp is valid page but no information extracted
WARNING:root:ISSUE DETECTED: Zane Vance is valid page but no information extracted
WARNING:root:ISSUE DETECTED: Joey Jones is valid page but no information extracted
WARNING:root:ISSUE DETECTED: Bryant Vincent is valid page but no information extracted
WARNING:root:ISSUE DETECTED: Travis Pearson is not about a football coach and there is no disambiguation page
WARNING:root:ISSUE DETECTED: Jeff Conway is not about a football coach and there is no disambiguation page
WARNING:root:ISSUE DETECTED: Mike Schultz could not be found in disambiguation page
WARNING:root:ISSUE DETECTED: Matt Moore is valid page but no information extracted
WARNING:root:ISSUE DETECTED: {'position': 'HC', 'endyear': u'football', 'name': u'Don Brown', 'startyear': u'football', 'team': u''}
WARNING:root:ISSUE DETECTED: {'position': 'HC', 'endyear': u'', 'name': u'Don Brown', 'startyear': u'', 'team': u''}
WARNING:root:ISSUE DETECTED: {'position': 'HC', 'endyear': u'baseball', 'name': u'Don Brown', 'startyear': u'baseball', 'team': u''}
WARNING:root:ISSUE DETECTED: {'position': u'OC', 'endyear': u'2002', 'name': u'James Coley', 'startyear': u'2000', 'team': u'Miami Norland Senior High School'}
WARNING:root:ISSUE DETECTED: {'position': u'OC', 'endyear': u'90', 'name': u'Jim Bollman', 'startyear': u'1989', 'team': u'Youngstown State'}
WARNING:root:ISSUE DETECTED: {'position': u'GA', 'endyear': u'80', 'name': u'Mark Banker', 'startyear': u'1979', 'team': u'Springfield College'}
WARNING:root:ISSUE DETECTED: {'position': u'DC', 'endyear': u'94', 'name': u'Mark Banker', 'startyear': u'1981', 'team': u'Cal State Northridge'}
WARNING:root:ISSUE DETECTED: {'position': u'Sec', 'endyear': u'98', 'name': u'Mark Banker', 'startyear': u'1997', 'team': u'Oregon State Beavers'}
WARNING:root:ISSUE DETECTED: {'position': u'DC', 'endyear': u'01', 'name': u'Mark Banker', 'startyear': u'1999', 'team': u'San Diego Chargers'}
WARNING:root:ISSUE DETECTED: {'position': u'DB/RC', 'endyear': u'08', 'name': u'Chris Ash', 'startyear': u'2007', 'team': u'San Diego State'}
WARNING:root:ISSUE DETECTED: {'position': u'OC/QB', 'endyear': u' present', 'name': u'Ben McDaniels', 'startyear': u'2015', 'team': u'Rutgers'}
WARNING:root:ISSUE DETECTED: {'position': 'HC', 'endyear': u'', 'name': u'Willie Simmons', 'startyear': u'2015', 'team': u'Prairie View A&M'}
WARNING:root:ISSUE DETECTED: {'position': 'HC', 'endyear': u'', 'name': u'Mike Canales', 'startyear': u'2011', 'team': u'North Texas'}
WARNING:root:ISSUE DETECTED: {'position': u'DC/LB', 'endyear': u'', 'name': u'David Duggan', 'startyear': u'2013', 'team': u'Southern Miss'}
WARNING:root:ISSUE DETECTED: {'position': 'HC', 'endyear': u'1989', 'name': u'Tom Masella', 'startyear': u'1985', 'team': u''}
WARNING:root:ISSUE DETECTED: {'position': u'OC/QB', 'endyear': u'', 'name': u'Dave Schramm', 'startyear': u'2012', 'team': u'Fresno State'}
WARNING:root:ISSUE DETECTED: {'position': 'HC', 'endyear': u'', 'name': u'Brian Polian', 'startyear': u'2013', 'team': u'Nevada'}
WARNING:root:ISSUE DETECTED: {'position': 'HC', 'endyear': u'present <!-- kent baer named interim for military bowl -->', 'name': u'Ron Caragher', 'startyear': u'2013', 'team': u'San Jose State'}
WARNING:root:ISSUE DETECTED: {'position': u'OC', 'endyear': u'1985', 'name': u'Al Borges', 'startyear': u'1985', 'team': u'Diablo Valley CC (OC/WR)Portland State'}
WARNING:root:ISSUE DETECTED: {'position': u'QB', 'endyear': u'2006\u22122010', 'name': u'Josh Heupel', 'startyear': u'2006\u22122010', 'team': u'Oklahoma'}
WARNING:root:ISSUE DETECTED: {'position': u'OC', 'endyear': u'2010\u22122014', 'name': u'Josh Heupel', 'startyear': u'2010\u22122014', 'team': u'Oklahoma'}
WARNING:root:ISSUE DETECTED: {'position': u'AHC/OC/QB', 'endyear': u'2015\u2212present', 'name': u'Josh Heupel', 'startyear': u'2015\u2212present', 'team': u'Utah State'}
WARNING:root:ISSUE DETECTED: {'position': u'//', 'endyear': u'2010', 'name': u'Mike Norvell', 'startyear': u'2007', 'team': u'Tulsa ()Pittsburgh (/)Arizona State'}
WARNING:root:ISSUE DETECTED: {'position': 'HC', 'endyear': u'football', 'name': u'Sonny Dykes', 'startyear': u'football', 'team': u''}
WARNING:root:ISSUE DETECTED: {'position': 'HC', 'endyear': u'', 'name': u'Sonny Dykes', 'startyear': u'', 'team': u''}
WARNING:root:ISSUE DETECTED: {'position': 'HC', 'endyear': u'baseball', 'name': u'Sonny Dykes', 'startyear': u'baseball', 'team': u''}
WARNING:root:ISSUE DETECTED: {'position': 'HC', 'endyear': u'1998', 'name': u'Mike Bloomgren', 'startyear': u'1998', 'team': u'Florida State University School'}
WARNING:root:ISSUE DETECTED: {'position': 'HC', 'endyear': u'', 'name': u'Aaron Roderick', 'startyear': u'2015', 'team': u'Utah'}
WARNING:root:ISSUE DETECTED: {'position': 'HC', 'endyear': u'2000', 'name': u'Jeremy Pruitt', 'startyear': u'2000', 'team': u'Plainview HS ()Fort Payne HS (Assistant)Hoover HS ()Hoover HS'}
WARNING:root:ISSUE DETECTED: {'position': u'DC/LB', 'endyear': u'pres', 'name': u'Manny Diaz', 'startyear': u'2015', 'team': u'Mississippi State'}
WARNING:root:ISSUE DETECTED: {'position': u'QB/WR', 'endyear': u'91', 'name': u'Andy Ludwig', 'startyear': u'1989', 'team': u'Idaho State'}
WARNING:root:ISSUE DETECTED: {'position': u'OC/WR/QB', 'endyear': u'94', 'name': u'Andy Ludwig', 'startyear': u'1993', 'team': u'Augustana'}
WARNING:root:ISSUE DETECTED: {'position': u'QB', 'endyear': u'96', 'name': u'Andy Ludwig', 'startyear': u'1995', 'team': u'Boise State'}
WARNING:root:ISSUE DETECTED: {'position': 'HC', 'endyear': u'1989\n* 1990\n* 1991', 'name': u'Trent Miles', 'startyear': u'{{plainlist |\n* 1987\n* 1988', 'team': u''}
WARNING:root:ISSUE DETECTED: {'position': u'GA', 'endyear': u'1983', 'name': u'Todd Berry', 'startyear': u'1983', 'team': u'Tennessee (TE)Tulsa (WR)Oklahoma State'}
VERBOSE:pywiki:Dropped throttle(s).
VERBOSE:pywiki:Waiting for 1 network thread(s) to finish. Press ctrl-c to abort
VERBOSE:pywiki:All threads finished.
